<?xml version="1.0" encoding="UTF-8"?>
<!-- Generated by org.testng.reporters.JUnitReportReporter -->
<testsuite hostname="DESKTOP-6BF1I8Q" failures="0" tests="1" name="POM.ValidateLoginFunctionality" time="53.101" errors="0" timestamp="2021-05-07T13:59:37 IST" skipped="0">
  <testcase classname="POM.ValidateLoginFunctionality" name="launchURL" time="53.101"/>
  <system-out/>
</testsuite> <!-- POM.ValidateLoginFunctionality -->
